<?xml version="1.0" encoding="UTF-8"?>
<!-- Generated by org.testng.reporters.JUnitReportReporter -->
<testsuite hostname="nexus" name="com.qa.tests.GetAPITest" tests="1" failures="0" timestamp="8 Oct 2019 07:43:05 GMT" time="4.626" errors="0">
  <testcase name="getTest" time="4.626" classname="com.qa.tests.GetAPITest"/>
</testsuite> <!-- com.qa.tests.GetAPITest -->
