<?xml version="1.0" encoding="UTF-8"?>
<!-- Generated by org.testng.reporters.JUnitReportReporter -->
<testsuite hostname="nexus" name="com.qa.tests.PostAPITest" tests="1" failures="0" timestamp="8 Oct 2019 13:55:55 GMT" time="1.783" errors="0">
  <testcase name="postTest" time="1.783" classname="com.qa.tests.PostAPITest"/>
</testsuite> <!-- com.qa.tests.PostAPITest -->
