<?xml version="1.0" encoding="UTF-8"?>
<!-- Generated by org.testng.reporters.JUnitReportReporter -->
<testsuite hostname="nexus" name="com.qa.tests.PostAPITest" tests="1" failures="0" timestamp="8 Oct 2019 19:44:01 GMT" time="2.266" errors="0">
  <testcase name="postTest" time="2.266" classname="com.qa.tests.PostAPITest"/>
</testsuite> <!-- com.qa.tests.PostAPITest -->
